<?xml version="1.0" encoding="UTF-8"?>
<!-- Generated by org.testng.reporters.JUnitXMLReporter -->
<testsuite hostname="Seachange-PC" name="Test" tests="14" failures="4" timestamp="14 Jul 2017 11:53:30 GMT" time="213.62" errors="0">
  <testcase name="UnitPacking" time="3.11" classname="purchase_Admin.UnitPackingsTest"/>
  <testcase name="ValidationforAddUnitPacking" time="58.035" classname="purchase_Admin.UnitPackingsTest"/>
  <testcase name="DuplicateAddUnitPacking" time="16.271" classname="purchase_Admin.UnitPackingsTest"/>
  <testcase name="SearchAddedUnitPacking" time="9.248" classname="purchase_Admin.UnitPackingsTest"/>
  <testcase name="EditUnitPacking" time="27.534" classname="purchase_Admin.UnitPackingsTest"/>
  <testcase name="SearchEditUnitPacking" time="9.218" classname="purchase_Admin.UnitPackingsTest"/>
  <testcase name="DeleteUnitPacking" time="18.383" classname="purchase_Admin.UnitPackingsTest"/>
  <testcase name="SearchDeletedtUnitPacking" time="15.465" classname="purchase_Admin.UnitPackingsTest"/>
  <testcase name="PurchaseConfigsettingsURL" time="5.521" classname="purchase_Admin.PurchaseSettingsTest"/>
  <testcase name="PurchaseAutoSetting" time="25.533" classname="purchase_Admin.PurchaseSettingsTest"/>
  <testcase name="PurchaseConfigSetting" time="24.583" classname="purchase_Admin.PurchaseSettingsTest">
    <failure type="org.openqa.selenium.WebDriverException" message="unknown error: Element &amp;lt;input type=&amp;quot;image&amp;quot; name=&amp;quot;ctl00$MainContent$tbCntr$TbConfigSetting$gvPOConfig$ctl19$ImgUpdate&amp;quot; id=&amp;quot;ctl00_MainContent_tbCntr_TbConfigSetting_gvPOConfig_ctl19_ImgUpdate&amp;quot; title=&amp;quot;Edit&amp;quot; text=&amp;quot;Update&amp;quot; src=&amp;quot;../Images/Edit.gif&amp;quot; style=&amp;quot;color:Black;height:16px;border-width:0px;&amp;quot;&amp;gt; is not clickable at point (1820, 640). Other element would receive the click: &amp;lt;div id=&amp;quot;overlay&amp;quot; style=&amp;quot;background-color: black; position: fixed; top: 0px; left: 0px; right: 0px; bottom: 0px; z-index: 999; opacity: 0.5; display: block;&amp;quot;&amp;gt;&amp;lt;/div&amp;gt;
  (Session info: chrome=59.0.3071.115)
  (Driver info: chromedriver=2.29.461591 (62ebf098771772160f391d75e589dc567915b233),platform=Windows NT 6.1.7601 SP1 x86_64) (WARNING: The server did not provide any stacktrace information)
Command duration or timeout: 46 milliseconds
Build info: version: &amp;apos;unknown&amp;apos;, revision: &amp;apos;8c03df6&amp;apos;, time: &amp;apos;2017-03-02 09:30:17 -0800&amp;apos;
System info: host: &amp;apos;SEACHANGE-PC&amp;apos;, ip: &amp;apos;192.168.5.17&amp;apos;, os.name: &amp;apos;Windows 7&amp;apos;, os.arch: &amp;apos;amd64&amp;apos;, os.version: &amp;apos;6.1&amp;apos;, java.version: &amp;apos;1.8.0_121&amp;apos;
Driver info: org.openqa.selenium.chrome.ChromeDriver
Capabilities [{applicationCacheEnabled=false, rotatable=false, mobileEmulationEnabled=false, networkConnectionEnabled=false, chrome={chromedriverVersion=2.29.461591 (62ebf098771772160f391d75e589dc567915b233), userDataDir=C:\Users\Priti\AppData\Local\Temp\scoped_dir1092_22031}, takesHeapSnapshot=true, pageLoadStrategy=normal, databaseEnabled=false, handlesAlerts=true, hasTouchScreen=false, version=59.0.3071.115, platform=XP, browserConnectionEnabled=false, nativeEvents=true, acceptSslCerts=true, locationContextEnabled=true, webStorageEnabled=true, browserName=chrome, takesScreenshot=true, javascriptEnabled=true, cssSelectorsEnabled=true, unexpectedAlertBehaviour=}]
Session ID: 79c6c35b5b6ece922b33a03bf7c7dced">
      <![CDATA[org.openqa.selenium.WebDriverException: unknown error: Element <input type="image" name="ctl00$MainContent$tbCntr$TbConfigSetting$gvPOConfig$ctl19$ImgUpdate" id="ctl00_MainContent_tbCntr_TbConfigSetting_gvPOConfig_ctl19_ImgUpdate" title="Edit" text="Update" src="../Images/Edit.gif" style="color:Black;height:16px;border-width:0px;"> is not clickable at point (1820, 640). Other element would receive the click: <div id="overlay" style="background-color: black; position: fixed; top: 0px; left: 0px; right: 0px; bottom: 0px; z-index: 999; opacity: 0.5; display: block;"></div>
  (Session info: chrome=59.0.3071.115)
  (Driver info: chromedriver=2.29.461591 (62ebf098771772160f391d75e589dc567915b233),platform=Windows NT 6.1.7601 SP1 x86_64) (WARNING: The server did not provide any stacktrace information)
Command duration or timeout: 46 milliseconds
Build info: version: 'unknown', revision: '8c03df6', time: '2017-03-02 09:30:17 -0800'
System info: host: 'SEACHANGE-PC', ip: '192.168.5.17', os.name: 'Windows 7', os.arch: 'amd64', os.version: '6.1', java.version: '1.8.0_121'
Driver info: org.openqa.selenium.chrome.ChromeDriver
Capabilities [{applicationCacheEnabled=false, rotatable=false, mobileEmulationEnabled=false, networkConnectionEnabled=false, chrome={chromedriverVersion=2.29.461591 (62ebf098771772160f391d75e589dc567915b233), userDataDir=C:\Users\Priti\AppData\Local\Temp\scoped_dir1092_22031}, takesHeapSnapshot=true, pageLoadStrategy=normal, databaseEnabled=false, handlesAlerts=true, hasTouchScreen=false, version=59.0.3071.115, platform=XP, browserConnectionEnabled=false, nativeEvents=true, acceptSslCerts=true, locationContextEnabled=true, webStorageEnabled=true, browserName=chrome, takesScreenshot=true, javascriptEnabled=true, cssSelectorsEnabled=true, unexpectedAlertBehaviour=}]
Session ID: 79c6c35b5b6ece922b33a03bf7c7dced
	at org.openqa.selenium.remote.ErrorHandler.createThrowable(ErrorHandler.java:216)
	at org.openqa.selenium.remote.ErrorHandler.throwIfResponseFailed(ErrorHandler.java:168)
	at org.openqa.selenium.remote.RemoteWebDriver.execute(RemoteWebDriver.java:638)
	at org.openqa.selenium.remote.RemoteWebElement.execute(RemoteWebElement.java:274)
	at org.openqa.selenium.remote.RemoteWebElement.click(RemoteWebElement.java:84)
	at common_Function.RW.click_element(RW.java:79)
	at purchase_Admin.PurchaseSettings.PurchaseConfigSetting(PurchaseSettings.java:169)
	at purchase_Admin.PurchaseSettingsTest.PurchaseConfigSetting(PurchaseSettingsTest.java:47)
... Removed 28 stack frames]]>
    </failure>
  </testcase> <!-- PurchaseConfigSetting -->
  <testcase name="PurchaseMandatory" time="0.061" classname="purchase_Admin.PurchaseSettingsTest">
    <failure type="org.openqa.selenium.WebDriverException" message="unknown error: Element &amp;lt;span class=&amp;quot;ajax__tab_tab&amp;quot; id=&amp;quot;__tab_ctl00_MainContent_tbCntr_TbMandat_Set&amp;quot;&amp;gt;...&amp;lt;/span&amp;gt; is not clickable at point (440, 121). Other element would receive the click: &amp;lt;div id=&amp;quot;overlay&amp;quot; style=&amp;quot;background-color: black; position: fixed; top: 0px; left: 0px; right: 0px; bottom: 0px; z-index: 999; opacity: 0.5; display: block;&amp;quot;&amp;gt;&amp;lt;/div&amp;gt;
  (Session info: chrome=59.0.3071.115)
  (Driver info: chromedriver=2.29.461591 (62ebf098771772160f391d75e589dc567915b233),platform=Windows NT 6.1.7601 SP1 x86_64) (WARNING: The server did not provide any stacktrace information)
Command duration or timeout: 40 milliseconds
Build info: version: &amp;apos;unknown&amp;apos;, revision: &amp;apos;8c03df6&amp;apos;, time: &amp;apos;2017-03-02 09:30:17 -0800&amp;apos;
System info: host: &amp;apos;SEACHANGE-PC&amp;apos;, ip: &amp;apos;192.168.5.17&amp;apos;, os.name: &amp;apos;Windows 7&amp;apos;, os.arch: &amp;apos;amd64&amp;apos;, os.version: &amp;apos;6.1&amp;apos;, java.version: &amp;apos;1.8.0_121&amp;apos;
Driver info: org.openqa.selenium.chrome.ChromeDriver
Capabilities [{applicationCacheEnabled=false, rotatable=false, mobileEmulationEnabled=false, networkConnectionEnabled=false, chrome={chromedriverVersion=2.29.461591 (62ebf098771772160f391d75e589dc567915b233), userDataDir=C:\Users\Priti\AppData\Local\Temp\scoped_dir1092_22031}, takesHeapSnapshot=true, pageLoadStrategy=normal, databaseEnabled=false, handlesAlerts=true, hasTouchScreen=false, version=59.0.3071.115, platform=XP, browserConnectionEnabled=false, nativeEvents=true, acceptSslCerts=true, locationContextEnabled=true, webStorageEnabled=true, browserName=chrome, takesScreenshot=true, javascriptEnabled=true, cssSelectorsEnabled=true, unexpectedAlertBehaviour=}]
Session ID: 79c6c35b5b6ece922b33a03bf7c7dced">
      <![CDATA[org.openqa.selenium.WebDriverException: unknown error: Element <span class="ajax__tab_tab" id="__tab_ctl00_MainContent_tbCntr_TbMandat_Set">...</span> is not clickable at point (440, 121). Other element would receive the click: <div id="overlay" style="background-color: black; position: fixed; top: 0px; left: 0px; right: 0px; bottom: 0px; z-index: 999; opacity: 0.5; display: block;"></div>
  (Session info: chrome=59.0.3071.115)
  (Driver info: chromedriver=2.29.461591 (62ebf098771772160f391d75e589dc567915b233),platform=Windows NT 6.1.7601 SP1 x86_64) (WARNING: The server did not provide any stacktrace information)
Command duration or timeout: 40 milliseconds
Build info: version: 'unknown', revision: '8c03df6', time: '2017-03-02 09:30:17 -0800'
System info: host: 'SEACHANGE-PC', ip: '192.168.5.17', os.name: 'Windows 7', os.arch: 'amd64', os.version: '6.1', java.version: '1.8.0_121'
Driver info: org.openqa.selenium.chrome.ChromeDriver
Capabilities [{applicationCacheEnabled=false, rotatable=false, mobileEmulationEnabled=false, networkConnectionEnabled=false, chrome={chromedriverVersion=2.29.461591 (62ebf098771772160f391d75e589dc567915b233), userDataDir=C:\Users\Priti\AppData\Local\Temp\scoped_dir1092_22031}, takesHeapSnapshot=true, pageLoadStrategy=normal, databaseEnabled=false, handlesAlerts=true, hasTouchScreen=false, version=59.0.3071.115, platform=XP, browserConnectionEnabled=false, nativeEvents=true, acceptSslCerts=true, locationContextEnabled=true, webStorageEnabled=true, browserName=chrome, takesScreenshot=true, javascriptEnabled=true, cssSelectorsEnabled=true, unexpectedAlertBehaviour=}]
Session ID: 79c6c35b5b6ece922b33a03bf7c7dced
	at org.openqa.selenium.remote.ErrorHandler.createThrowable(ErrorHandler.java:216)
	at org.openqa.selenium.remote.ErrorHandler.throwIfResponseFailed(ErrorHandler.java:168)
	at org.openqa.selenium.remote.RemoteWebDriver.execute(RemoteWebDriver.java:638)
	at org.openqa.selenium.remote.RemoteWebElement.execute(RemoteWebElement.java:274)
	at org.openqa.selenium.remote.RemoteWebElement.click(RemoteWebElement.java:84)
	at common_Function.RW.click_element(RW.java:79)
	at purchase_Admin.PurchaseSettings.PurchaseMandatory(PurchaseSettings.java:264)
	at purchase_Admin.PurchaseSettingsTest.PurchaseMandatory(PurchaseSettingsTest.java:57)
... Removed 28 stack frames]]>
    </failure>
  </testcase> <!-- PurchaseMandatory -->
  <testcase name="CaptureRank" time="0.055" classname="purchase_Admin.PurchaseSettingsTest">
    <failure type="org.openqa.selenium.WebDriverException" message="unknown error: Element &amp;lt;span class=&amp;quot;ajax__tab_tab&amp;quot; id=&amp;quot;__tab_ctl00_MainContent_tbCntr_tbNewRnk&amp;quot;&amp;gt;...&amp;lt;/span&amp;gt; is not clickable at point (254, 121). Other element would receive the click: &amp;lt;div id=&amp;quot;overlay&amp;quot; style=&amp;quot;background-color: black; position: fixed; top: 0px; left: 0px; right: 0px; bottom: 0px; z-index: 999; opacity: 0.5; display: block;&amp;quot;&amp;gt;&amp;lt;/div&amp;gt;
  (Session info: chrome=59.0.3071.115)
  (Driver info: chromedriver=2.29.461591 (62ebf098771772160f391d75e589dc567915b233),platform=Windows NT 6.1.7601 SP1 x86_64) (WARNING: The server did not provide any stacktrace information)
Command duration or timeout: 37 milliseconds
Build info: version: &amp;apos;unknown&amp;apos;, revision: &amp;apos;8c03df6&amp;apos;, time: &amp;apos;2017-03-02 09:30:17 -0800&amp;apos;
System info: host: &amp;apos;SEACHANGE-PC&amp;apos;, ip: &amp;apos;192.168.5.17&amp;apos;, os.name: &amp;apos;Windows 7&amp;apos;, os.arch: &amp;apos;amd64&amp;apos;, os.version: &amp;apos;6.1&amp;apos;, java.version: &amp;apos;1.8.0_121&amp;apos;
Driver info: org.openqa.selenium.chrome.ChromeDriver
Capabilities [{applicationCacheEnabled=false, rotatable=false, mobileEmulationEnabled=false, networkConnectionEnabled=false, chrome={chromedriverVersion=2.29.461591 (62ebf098771772160f391d75e589dc567915b233), userDataDir=C:\Users\Priti\AppData\Local\Temp\scoped_dir1092_22031}, takesHeapSnapshot=true, pageLoadStrategy=normal, databaseEnabled=false, handlesAlerts=true, hasTouchScreen=false, version=59.0.3071.115, platform=XP, browserConnectionEnabled=false, nativeEvents=true, acceptSslCerts=true, locationContextEnabled=true, webStorageEnabled=true, browserName=chrome, takesScreenshot=true, javascriptEnabled=true, cssSelectorsEnabled=true, unexpectedAlertBehaviour=}]
Session ID: 79c6c35b5b6ece922b33a03bf7c7dced">
      <![CDATA[org.openqa.selenium.WebDriverException: unknown error: Element <span class="ajax__tab_tab" id="__tab_ctl00_MainContent_tbCntr_tbNewRnk">...</span> is not clickable at point (254, 121). Other element would receive the click: <div id="overlay" style="background-color: black; position: fixed; top: 0px; left: 0px; right: 0px; bottom: 0px; z-index: 999; opacity: 0.5; display: block;"></div>
  (Session info: chrome=59.0.3071.115)
  (Driver info: chromedriver=2.29.461591 (62ebf098771772160f391d75e589dc567915b233),platform=Windows NT 6.1.7601 SP1 x86_64) (WARNING: The server did not provide any stacktrace information)
Command duration or timeout: 37 milliseconds
Build info: version: 'unknown', revision: '8c03df6', time: '2017-03-02 09:30:17 -0800'
System info: host: 'SEACHANGE-PC', ip: '192.168.5.17', os.name: 'Windows 7', os.arch: 'amd64', os.version: '6.1', java.version: '1.8.0_121'
Driver info: org.openqa.selenium.chrome.ChromeDriver
Capabilities [{applicationCacheEnabled=false, rotatable=false, mobileEmulationEnabled=false, networkConnectionEnabled=false, chrome={chromedriverVersion=2.29.461591 (62ebf098771772160f391d75e589dc567915b233), userDataDir=C:\Users\Priti\AppData\Local\Temp\scoped_dir1092_22031}, takesHeapSnapshot=true, pageLoadStrategy=normal, databaseEnabled=false, handlesAlerts=true, hasTouchScreen=false, version=59.0.3071.115, platform=XP, browserConnectionEnabled=false, nativeEvents=true, acceptSslCerts=true, locationContextEnabled=true, webStorageEnabled=true, browserName=chrome, takesScreenshot=true, javascriptEnabled=true, cssSelectorsEnabled=true, unexpectedAlertBehaviour=}]
Session ID: 79c6c35b5b6ece922b33a03bf7c7dced
	at org.openqa.selenium.remote.ErrorHandler.createThrowable(ErrorHandler.java:216)
	at org.openqa.selenium.remote.ErrorHandler.throwIfResponseFailed(ErrorHandler.java:168)
	at org.openqa.selenium.remote.RemoteWebDriver.execute(RemoteWebDriver.java:638)
	at org.openqa.selenium.remote.RemoteWebElement.execute(RemoteWebElement.java:274)
	at org.openqa.selenium.remote.RemoteWebElement.click(RemoteWebElement.java:84)
	at common_Function.RW.click_element(RW.java:79)
	at purchase_Admin.PurchaseSettings.CaptureRank(PurchaseSettings.java:356)
	at purchase_Admin.PurchaseSettingsTest.CaptureRank(PurchaseSettingsTest.java:66)
... Removed 28 stack frames]]>
    </failure>
  </testcase> <!-- CaptureRank -->
  <testcase name="AutomaticRequisition" time="0.055" classname="purchase_Admin.PurchaseSettingsTest">
    <failure type="org.openqa.selenium.WebDriverException" message="unknown error: Element &amp;lt;span class=&amp;quot;ajax__tab_tab&amp;quot; id=&amp;quot;__tab_ctl00_MainContent_tbCntr_tbAutRqsn&amp;quot;&amp;gt;...&amp;lt;/span&amp;gt; is not clickable at point (87, 121). Other element would receive the click: &amp;lt;div id=&amp;quot;overlay&amp;quot; style=&amp;quot;background-color: black; position: fixed; top: 0px; left: 0px; right: 0px; bottom: 0px; z-index: 999; opacity: 0.5; display: block;&amp;quot;&amp;gt;&amp;lt;/div&amp;gt;
  (Session info: chrome=59.0.3071.115)
  (Driver info: chromedriver=2.29.461591 (62ebf098771772160f391d75e589dc567915b233),platform=Windows NT 6.1.7601 SP1 x86_64) (WARNING: The server did not provide any stacktrace information)
Command duration or timeout: 38 milliseconds
Build info: version: &amp;apos;unknown&amp;apos;, revision: &amp;apos;8c03df6&amp;apos;, time: &amp;apos;2017-03-02 09:30:17 -0800&amp;apos;
System info: host: &amp;apos;SEACHANGE-PC&amp;apos;, ip: &amp;apos;192.168.5.17&amp;apos;, os.name: &amp;apos;Windows 7&amp;apos;, os.arch: &amp;apos;amd64&amp;apos;, os.version: &amp;apos;6.1&amp;apos;, java.version: &amp;apos;1.8.0_121&amp;apos;
Driver info: org.openqa.selenium.chrome.ChromeDriver
Capabilities [{applicationCacheEnabled=false, rotatable=false, mobileEmulationEnabled=false, networkConnectionEnabled=false, chrome={chromedriverVersion=2.29.461591 (62ebf098771772160f391d75e589dc567915b233), userDataDir=C:\Users\Priti\AppData\Local\Temp\scoped_dir1092_22031}, takesHeapSnapshot=true, pageLoadStrategy=normal, databaseEnabled=false, handlesAlerts=true, hasTouchScreen=false, version=59.0.3071.115, platform=XP, browserConnectionEnabled=false, nativeEvents=true, acceptSslCerts=true, locationContextEnabled=true, webStorageEnabled=true, browserName=chrome, takesScreenshot=true, javascriptEnabled=true, cssSelectorsEnabled=true, unexpectedAlertBehaviour=}]
Session ID: 79c6c35b5b6ece922b33a03bf7c7dced">
      <![CDATA[org.openqa.selenium.WebDriverException: unknown error: Element <span class="ajax__tab_tab" id="__tab_ctl00_MainContent_tbCntr_tbAutRqsn">...</span> is not clickable at point (87, 121). Other element would receive the click: <div id="overlay" style="background-color: black; position: fixed; top: 0px; left: 0px; right: 0px; bottom: 0px; z-index: 999; opacity: 0.5; display: block;"></div>
  (Session info: chrome=59.0.3071.115)
  (Driver info: chromedriver=2.29.461591 (62ebf098771772160f391d75e589dc567915b233),platform=Windows NT 6.1.7601 SP1 x86_64) (WARNING: The server did not provide any stacktrace information)
Command duration or timeout: 38 milliseconds
Build info: version: 'unknown', revision: '8c03df6', time: '2017-03-02 09:30:17 -0800'
System info: host: 'SEACHANGE-PC', ip: '192.168.5.17', os.name: 'Windows 7', os.arch: 'amd64', os.version: '6.1', java.version: '1.8.0_121'
Driver info: org.openqa.selenium.chrome.ChromeDriver
Capabilities [{applicationCacheEnabled=false, rotatable=false, mobileEmulationEnabled=false, networkConnectionEnabled=false, chrome={chromedriverVersion=2.29.461591 (62ebf098771772160f391d75e589dc567915b233), userDataDir=C:\Users\Priti\AppData\Local\Temp\scoped_dir1092_22031}, takesHeapSnapshot=true, pageLoadStrategy=normal, databaseEnabled=false, handlesAlerts=true, hasTouchScreen=false, version=59.0.3071.115, platform=XP, browserConnectionEnabled=false, nativeEvents=true, acceptSslCerts=true, locationContextEnabled=true, webStorageEnabled=true, browserName=chrome, takesScreenshot=true, javascriptEnabled=true, cssSelectorsEnabled=true, unexpectedAlertBehaviour=}]
Session ID: 79c6c35b5b6ece922b33a03bf7c7dced
	at org.openqa.selenium.remote.ErrorHandler.createThrowable(ErrorHandler.java:216)
	at org.openqa.selenium.remote.ErrorHandler.throwIfResponseFailed(ErrorHandler.java:168)
	at org.openqa.selenium.remote.RemoteWebDriver.execute(RemoteWebDriver.java:638)
	at org.openqa.selenium.remote.RemoteWebElement.execute(RemoteWebElement.java:274)
	at org.openqa.selenium.remote.RemoteWebElement.click(RemoteWebElement.java:84)
	at common_Function.RW.click_element(RW.java:79)
	at purchase_Admin.PurchaseSettings.AutomaticRequisition(PurchaseSettings.java:444)
	at purchase_Admin.PurchaseSettingsTest.AutomaticRequisition(PurchaseSettingsTest.java:75)
... Removed 28 stack frames]]>
    </failure>
  </testcase> <!-- AutomaticRequisition -->
</testsuite> <!-- Test -->
